#
# There is insufficient memory for the Java Runtime Environment to continue.
# Native memory allocation (mmap) failed to map 716177408 bytes for committing reserved memory.
# Possible reasons:
#   The system is out of physical RAM or swap space
#   The process is running with CompressedOops enabled, and the Java Heap may be blocking the growth of the native heap
# Possible solutions:
#   Reduce memory load on the system
#   Increase physical memory or swap space
#   Check if swap backing store is full
#   Decrease Java heap size (-Xmx/-Xms)
#   Decrease number of Java threads
#   Decrease Java thread stack sizes (-Xss)
#   Set larger code cache with -XX:ReservedCodeCacheSize=
# This output file may be truncated or incomplete.
#
#  Out of Memory Error (os_linux.cpp:2706), pid=3764, tid=3765
#
# JRE version:  (10.0.2+13) (build )
# Java VM: OpenJDK 64-Bit Server VM (10.0.2+13-Ubuntu-1ubuntu0.18.04.4, mixed mode, aot, tiered, compressed oops, parallel gc, linux-amd64)
# Core dump will be written. Default location: Core dumps may be processed with "/usr/share/apport/apport %p %s %c %d %P" (or dumping to /home/nelson/waves_nelson/Waves/core.3764)
#

---------------  S U M M A R Y ------------

Command Line: -Xms1024m -Xmx1024m -XX:ReservedCodeCacheSize=128m -XX:MaxMetaspaceSize=256m -XX:+UseParallelGC -Dscala.ext.dirs=/home/nelson/.sbt/0.13/java9-rt-ext-oracle_corporation_10_0_2 /usr/share/sbt/bin/sbt-launch.jar run waves-custom-network.conf

Host: Intel(R) Core(TM) i5-3210M CPU @ 2.50GHz, 1 cores, 985M, Ubuntu 18.04.2 LTS
Time: Thu Mar 21 18:08:01 2019 UTC elapsed time: 0 seconds (0d 0h 0m 0s)

---------------  T H R E A D  ---------------

Current thread (0x00007f6c60011000):  JavaThread "Unknown thread" [_thread_in_vm, id=3765, stack(0x00007f6c69e4c000,0x00007f6c69f4d000)]

Stack: [0x00007f6c69e4c000,0x00007f6c69f4d000],  sp=0x00007f6c69f4b460,  free space=1021k
Native frames: (J=compiled Java code, A=aot compiled Java code, j=interpreted, Vv=VM code, C=native code)
V  [libjvm.so+0xd27ea4]
V  [libjvm.so+0xd28a4b]
V  [libjvm.so+0x64d415]
V  [libjvm.so+0xb2d672]
V  [libjvm.so+0xb25d4f]
V  [libjvm.so+0xbc9f46]
V  [libjvm.so+0xbb03d1]
V  [libjvm.so+0x3d8bb7]
V  [libjvm.so+0xb6237a]
V  [libjvm.so+0xce5dc2]
V  [libjvm.so+0xce60c6]
V  [libjvm.so+0x807d57]
V  [libjvm.so+0xcc7ac4]
V  [libjvm.so+0x8601b1]  JNI_CreateJavaVM+0x51
C  [libjli.so+0x3d83]
C  [libjli.so+0x89dd]
C  [libpthread.so.0+0x76db]  start_thread+0xdb


---------------  P R O C E S S  ---------------

Threads class SMR info:
_java_thread_list=0x000055b8d58ed850, length=0, elements={
}

Java Threads: ( => current thread )

Other Threads:

[error occurred during error reporting (printing all threads), id 0xe0000002]

VM state:not at safepoint (not fully initialized)

VM Mutex/Monitor currently owned by a thread: None

Heap address: 0x00000000c0000000, size: 1024 MB, Compressed Oops mode: Non-zero based: 0x00000000c0000000
Narrow klass base: 0x0000000000000000, Narrow klass shift: 0

GC Heap History (0 events):
No events

Deoptimization events (0 events):
No events

Classes redefined (0 events):
No events

Internal exceptions (0 events):
No events

Events (0 events):
No events


Dynamic libraries:
eab00000-100000000 rw-p 00000000 00:00 0 
55b8d50f9000-55b8d50fa000 r-xp 00000000 08:02 22972                      /usr/lib/jvm/java-11-openjdk-amd64/bin/java
55b8d52fa000-55b8d52fb000 r--p 00001000 08:02 22972                      /usr/lib/jvm/java-11-openjdk-amd64/bin/java
55b8d52fb000-55b8d52fc000 rw-p 00002000 08:02 22972                      /usr/lib/jvm/java-11-openjdk-amd64/bin/java
55b8d58d6000-55b8d58f7000 rw-p 00000000 00:00 0                          [heap]
7f6c4eb25000-7f6c4ed95000 rwxp 00000000 00:00 0 
7f6c4ed95000-7f6c56b25000 ---p 00000000 00:00 0 
7f6c56b25000-7f6c60000000 r--s 00000000 08:02 23147                      /usr/lib/jvm/java-11-openjdk-amd64/lib/modules
7f6c60000000-7f6c60038000 rw-p 00000000 00:00 0 
7f6c60038000-7f6c64000000 ---p 00000000 00:00 0 
7f6c65f3b000-7f6c66090000 ---p 00000000 00:00 0 
7f6c66090000-7f6c66141000 rw-p 00000000 00:00 0 
7f6c66141000-7f6c6623c000 ---p 00000000 00:00 0 
7f6c6623c000-7f6c66241000 r-xp 00000000 08:02 23129                      /usr/lib/jvm/java-11-openjdk-amd64/lib/libjimage.so
7f6c66241000-7f6c66440000 ---p 00005000 08:02 23129                      /usr/lib/jvm/java-11-openjdk-amd64/lib/libjimage.so
7f6c66440000-7f6c66441000 r--p 00004000 08:02 23129                      /usr/lib/jvm/java-11-openjdk-amd64/lib/libjimage.so
7f6c66441000-7f6c66442000 rw-p 00005000 08:02 23129                      /usr/lib/jvm/java-11-openjdk-amd64/lib/libjimage.so
7f6c66442000-7f6c66449000 r-xp 00000000 08:02 23146                      /usr/lib/jvm/java-11-openjdk-amd64/lib/libzip.so
7f6c66449000-7f6c66648000 ---p 00007000 08:02 23146                      /usr/lib/jvm/java-11-openjdk-amd64/lib/libzip.so
7f6c66648000-7f6c66649000 r--p 00006000 08:02 23146                      /usr/lib/jvm/java-11-openjdk-amd64/lib/libzip.so
7f6c66649000-7f6c6664a000 rw-p 00007000 08:02 23146                      /usr/lib/jvm/java-11-openjdk-amd64/lib/libzip.so
7f6c6664a000-7f6c66655000 r-xp 00000000 08:02 525121                     /lib/x86_64-linux-gnu/libnss_files-2.27.so
7f6c66655000-7f6c66854000 ---p 0000b000 08:02 525121                     /lib/x86_64-linux-gnu/libnss_files-2.27.so
7f6c66854000-7f6c66855000 r--p 0000a000 08:02 525121                     /lib/x86_64-linux-gnu/libnss_files-2.27.so
7f6c66855000-7f6c66856000 rw-p 0000b000 08:02 525121                     /lib/x86_64-linux-gnu/libnss_files-2.27.so
7f6c66856000-7f6c6685c000 rw-p 00000000 00:00 0 
7f6c6685c000-7f6c66873000 r-xp 00000000 08:02 525118                     /lib/x86_64-linux-gnu/libnsl-2.27.so
7f6c66873000-7f6c66a72000 ---p 00017000 08:02 525118                     /lib/x86_64-linux-gnu/libnsl-2.27.so
7f6c66a72000-7f6c66a73000 r--p 00016000 08:02 525118                     /lib/x86_64-linux-gnu/libnsl-2.27.so
7f6c66a73000-7f6c66a74000 rw-p 00017000 08:02 525118                     /lib/x86_64-linux-gnu/libnsl-2.27.so
7f6c66a74000-7f6c66a76000 rw-p 00000000 00:00 0 
7f6c66a76000-7f6c66a81000 r-xp 00000000 08:02 525123                     /lib/x86_64-linux-gnu/libnss_nis-2.27.so
7f6c66a81000-7f6c66c80000 ---p 0000b000 08:02 525123                     /lib/x86_64-linux-gnu/libnss_nis-2.27.so
7f6c66c80000-7f6c66c81000 r--p 0000a000 08:02 525123                     /lib/x86_64-linux-gnu/libnss_nis-2.27.so
7f6c66c81000-7f6c66c82000 rw-p 0000b000 08:02 525123                     /lib/x86_64-linux-gnu/libnss_nis-2.27.so
7f6c66c82000-7f6c66c8a000 r-xp 00000000 08:02 525119                     /lib/x86_64-linux-gnu/libnss_compat-2.27.so
7f6c66c8a000-7f6c66e8a000 ---p 00008000 08:02 525119                     /lib/x86_64-linux-gnu/libnss_compat-2.27.so
7f6c66e8a000-7f6c66e8b000 r--p 00008000 08:02 525119                     /lib/x86_64-linux-gnu/libnss_compat-2.27.so
7f6c66e8b000-7f6c66e8c000 rw-p 00009000 08:02 525119                     /lib/x86_64-linux-gnu/libnss_compat-2.27.so
7f6c66e8c000-7f6c66eb8000 r-xp 00000000 08:02 23125                      /usr/lib/jvm/java-11-openjdk-amd64/lib/libjava.so
7f6c66eb8000-7f6c670b7000 ---p 0002c000 08:02 23125                      /usr/lib/jvm/java-11-openjdk-amd64/lib/libjava.so
7f6c670b7000-7f6c670b8000 r--p 0002b000 08:02 23125                      /usr/lib/jvm/java-11-openjdk-amd64/lib/libjava.so
7f6c670b8000-7f6c670ba000 rw-p 0002c000 08:02 23125                      /usr/lib/jvm/java-11-openjdk-amd64/lib/libjava.so
7f6c670ba000-7f6c670c7000 r-xp 00000000 08:02 23145                      /usr/lib/jvm/java-11-openjdk-amd64/lib/libverify.so
7f6c670c7000-7f6c672c6000 ---p 0000d000 08:02 23145                      /usr/lib/jvm/java-11-openjdk-amd64/lib/libverify.so
7f6c672c6000-7f6c672c8000 r--p 0000c000 08:02 23145                      /usr/lib/jvm/java-11-openjdk-amd64/lib/libverify.so
7f6c672c8000-7f6c672c9000 rw-p 0000e000 08:02 23145                      /usr/lib/jvm/java-11-openjdk-amd64/lib/libverify.so
7f6c672c9000-7f6c672d0000 r-xp 00000000 08:02 525143                     /lib/x86_64-linux-gnu/librt-2.27.so
7f6c672d0000-7f6c674cf000 ---p 00007000 08:02 525143                     /lib/x86_64-linux-gnu/librt-2.27.so
7f6c674cf000-7f6c674d0000 r--p 00006000 08:02 525143                     /lib/x86_64-linux-gnu/librt-2.27.so
7f6c674d0000-7f6c674d1000 rw-p 00007000 08:02 525143                     /lib/x86_64-linux-gnu/librt-2.27.so
7f6c674d1000-7f6c674e8000 r-xp 00000000 08:02 525094                     /lib/x86_64-linux-gnu/libgcc_s.so.1
7f6c674e8000-7f6c676e7000 ---p 00017000 08:02 525094                     /lib/x86_64-linux-gnu/libgcc_s.so.1
7f6c676e7000-7f6c676e8000 r--p 00016000 08:02 525094                     /lib/x86_64-linux-gnu/libgcc_s.so.1
7f6c676e8000-7f6c676e9000 rw-p 00017000 08:02 525094                     /lib/x86_64-linux-gnu/libgcc_s.so.1
7f6c676e9000-7f6c67886000 r-xp 00000000 08:02 525109                     /lib/x86_64-linux-gnu/libm-2.27.so
7f6c67886000-7f6c67a85000 ---p 0019d000 08:02 525109                     /lib/x86_64-linux-gnu/libm-2.27.so
7f6c67a85000-7f6c67a86000 r--p 0019c000 08:02 525109                     /lib/x86_64-linux-gnu/libm-2.27.so
7f6c67a86000-7f6c67a87000 rw-p 0019d000 08:02 525109                     /lib/x86_64-linux-gnu/libm-2.27.so
7f6c67a87000-7f6c67c00000 r-xp 00000000 08:02 7294                       /usr/lib/x86_64-linux-gnu/libstdc++.so.6.0.25
7f6c67c00000-7f6c67e00000 ---p 00179000 08:02 7294                       /usr/lib/x86_64-linux-gnu/libstdc++.so.6.0.25
7f6c67e00000-7f6c67e0a000 r--p 00179000 08:02 7294                       /usr/lib/x86_64-linux-gnu/libstdc++.so.6.0.25
7f6c67e0a000-7f6c67e0c000 rw-p 00183000 08:02 7294                       /usr/lib/x86_64-linux-gnu/libstdc++.so.6.0.25
7f6c67e0c000-7f6c67e10000 rw-p 00000000 00:00 0 
7f6c67e10000-7f6c68dad000 r-xp 00000000 08:02 23152                      /usr/lib/jvm/java-11-openjdk-amd64/lib/server/libjvm.so
7f6c68dad000-7f6c68fad000 ---p 00f9d000 08:02 23152                      /usr/lib/jvm/java-11-openjdk-amd64/lib/server/libjvm.so
7f6c68fad000-7f6c69071000 r--p 00f9d000 08:02 23152                      /usr/lib/jvm/java-11-openjdk-amd64/lib/server/libjvm.so
7f6c69071000-7f6c690a9000 rw-p 01061000 08:02 23152                      /usr/lib/jvm/java-11-openjdk-amd64/lib/server/libjvm.so
7f6c690a9000-7f6c690f2000 rw-p 00000000 00:00 0 
7f6c690f2000-7f6c6910c000 r-xp 00000000 08:02 525139                     /lib/x86_64-linux-gnu/libpthread-2.27.so
7f6c6910c000-7f6c6930b000 ---p 0001a000 08:02 525139                     /lib/x86_64-linux-gnu/libpthread-2.27.so
7f6c6930b000-7f6c6930c000 r--p 00019000 08:02 525139                     /lib/x86_64-linux-gnu/libpthread-2.27.so
7f6c6930c000-7f6c6930d000 rw-p 0001a000 08:02 525139                     /lib/x86_64-linux-gnu/libpthread-2.27.so
7f6c6930d000-7f6c69311000 rw-p 00000000 00:00 0 
7f6c69311000-7f6c69314000 r-xp 00000000 08:02 525087                     /lib/x86_64-linux-gnu/libdl-2.27.so
7f6c69314000-7f6c69513000 ---p 00003000 08:02 525087                     /lib/x86_64-linux-gnu/libdl-2.27.so
7f6c69513000-7f6c69514000 r--p 00002000 08:02 525087                     /lib/x86_64-linux-gnu/libdl-2.27.so
7f6c69514000-7f6c69515000 rw-p 00003000 08:02 525087                     /lib/x86_64-linux-gnu/libdl-2.27.so
7f6c69515000-7f6c69531000 r-xp 00000000 08:02 525158                     /lib/x86_64-linux-gnu/libz.so.1.2.11
7f6c69531000-7f6c69730000 ---p 0001c000 08:02 525158                     /lib/x86_64-linux-gnu/libz.so.1.2.11
7f6c69730000-7f6c69731000 r--p 0001b000 08:02 525158                     /lib/x86_64-linux-gnu/libz.so.1.2.11
7f6c69731000-7f6c69732000 rw-p 0001c000 08:02 525158                     /lib/x86_64-linux-gnu/libz.so.1.2.11
7f6c69732000-7f6c69919000 r-xp 00000000 08:02 525076                     /lib/x86_64-linux-gnu/libc-2.27.so
7f6c69919000-7f6c69b19000 ---p 001e7000 08:02 525076                     /lib/x86_64-linux-gnu/libc-2.27.so
7f6c69b19000-7f6c69b1d000 r--p 001e7000 08:02 525076                     /lib/x86_64-linux-gnu/libc-2.27.so
7f6c69b1d000-7f6c69b1f000 rw-p 001eb000 08:02 525076                     /lib/x86_64-linux-gnu/libc-2.27.so
7f6c69b1f000-7f6c69b23000 rw-p 00000000 00:00 0 
7f6c69b23000-7f6c69b32000 r-xp 00000000 08:02 23110                      /usr/lib/jvm/java-11-openjdk-amd64/lib/jli/libjli.so
7f6c69b32000-7f6c69d31000 ---p 0000f000 08:02 23110                      /usr/lib/jvm/java-11-openjdk-amd64/lib/jli/libjli.so
7f6c69d31000-7f6c69d32000 r--p 0000e000 08:02 23110                      /usr/lib/jvm/java-11-openjdk-amd64/lib/jli/libjli.so
7f6c69d32000-7f6c69d33000 rw-p 0000f000 08:02 23110                      /usr/lib/jvm/java-11-openjdk-amd64/lib/jli/libjli.so
7f6c69d33000-7f6c69d5a000 r-xp 00000000 08:02 525064                     /lib/x86_64-linux-gnu/ld-2.27.so
7f6c69e44000-7f6c69e4c000 rw-s 00000000 08:02 14266                      /tmp/hsperfdata_nelson/3764
7f6c69e4c000-7f6c69e50000 ---p 00000000 00:00 0 
7f6c69e50000-7f6c69f4f000 rw-p 00000000 00:00 0 
7f6c69f56000-7f6c69f57000 ---p 00000000 00:00 0 
7f6c69f57000-7f6c69f58000 r--p 00000000 00:00 0 
7f6c69f58000-7f6c69f5a000 rw-p 00000000 00:00 0 
7f6c69f5a000-7f6c69f5b000 r--p 00027000 08:02 525064                     /lib/x86_64-linux-gnu/ld-2.27.so
7f6c69f5b000-7f6c69f5c000 rw-p 00028000 08:02 525064                     /lib/x86_64-linux-gnu/ld-2.27.so
7f6c69f5c000-7f6c69f5d000 rw-p 00000000 00:00 0 
7ffe59c4f000-7ffe59c70000 rw-p 00000000 00:00 0                          [stack]
7ffe59c90000-7ffe59c93000 r--p 00000000 00:00 0                          [vvar]
7ffe59c93000-7ffe59c95000 r-xp 00000000 00:00 0                          [vdso]
ffffffffff600000-ffffffffff601000 r-xp 00000000 00:00 0                  [vsyscall]


VM Arguments:
jvm_args: -Xms1024m -Xmx1024m -XX:ReservedCodeCacheSize=128m -XX:MaxMetaspaceSize=256m -XX:+UseParallelGC -Dscala.ext.dirs=/home/nelson/.sbt/0.13/java9-rt-ext-oracle_corporation_10_0_2 
java_command: /usr/share/sbt/bin/sbt-launch.jar run waves-custom-network.conf
java_class_path (initial): /usr/share/sbt/bin/sbt-launch.jar
Launcher Type: SUN_STANDARD

Logging:
Log output configuration:
#0: stdout all=warning uptime,level,tags
#1: stderr all=off uptime,level,tags

Environment Variables:
PATH=/home/nelson/.local/bin:/usr/local/sbin:/usr/local/bin:/usr/sbin:/usr/bin:/sbin:/bin:/usr/games:/usr/local/games:/snap/bin
SHELL=/bin/bash

Signal Handlers:
SIGSEGV: [libjvm.so+0xd28b70], sa_mask[0]=11111111011111111101111111111110, sa_flags=SA_RESTART|SA_SIGINFO
SIGBUS: [libjvm.so+0xd28b70], sa_mask[0]=11111111011111111101111111111110, sa_flags=SA_RESTART|SA_SIGINFO
SIGFPE: [libjvm.so+0xd28b70], sa_mask[0]=11111111011111111101111111111110, sa_flags=SA_RESTART|SA_SIGINFO
SIGPIPE: [libjvm.so+0xb2a1f0], sa_mask[0]=11111111011111111101111111111110, sa_flags=SA_RESTART|SA_SIGINFO
SIGXFSZ: [libjvm.so+0xb2a1f0], sa_mask[0]=11111111011111111101111111111110, sa_flags=SA_RESTART|SA_SIGINFO
SIGILL: [libjvm.so+0xd28b70], sa_mask[0]=11111111011111111101111111111110, sa_flags=SA_RESTART|SA_SIGINFO
SIGUSR2: [libjvm.so+0xb2a030], sa_mask[0]=00000000000000000000000000000000, sa_flags=SA_RESTART|SA_SIGINFO
SIGHUP: SIG_DFL, sa_mask[0]=00000000000000000000000000000000, sa_flags=none
SIGINT: SIG_DFL, sa_mask[0]=00000000000000000000000000000000, sa_flags=none
SIGTERM: SIG_DFL, sa_mask[0]=00000000000000000000000000000000, sa_flags=none
SIGQUIT: SIG_DFL, sa_mask[0]=00000000000000000000000000000000, sa_flags=none


---------------  S Y S T E M  ---------------

OS:DISTRIB_ID=Ubuntu
DISTRIB_RELEASE=18.04
DISTRIB_CODENAME=bionic
DISTRIB_DESCRIPTION="Ubuntu 18.04.2 LTS"
uname:Linux 4.15.0-46-generic #49-Ubuntu SMP Wed Feb 6 09:33:07 UTC 2019 x86_64
libc:glibc 2.27 NPTL 2.27 
rlimit: STACK 8192k, CORE 0k, NPROC 3702, NOFILE 1048576, AS infinity, DATA infinity, FSIZE infinity
load average:0.21 0.81 0.69

/proc/meminfo:
MemTotal:        1009112 kB
MemFree:           82420 kB
MemAvailable:      55928 kB
Buffers:            9168 kB
Cached:            61448 kB
SwapCached:        25916 kB
Active:           424056 kB
Inactive:         417668 kB
Active(anon):     376340 kB
Inactive(anon):   395112 kB
Active(file):      47716 kB
Inactive(file):    22556 kB
Unevictable:           0 kB
Mlocked:               0 kB
SwapTotal:       2017276 kB
SwapFree:         296444 kB
Dirty:                88 kB
Writeback:             0 kB
AnonPages:        745316 kB
Mapped:            33064 kB
Shmem:               312 kB
Slab:              47148 kB
SReclaimable:      19164 kB
SUnreclaim:        27984 kB
KernelStack:        4432 kB
PageTables:        12500 kB
NFS_Unstable:          0 kB
Bounce:                0 kB
WritebackTmp:          0 kB
CommitLimit:     2521832 kB
Committed_AS:    3723348 kB
VmallocTotal:   34359738367 kB
VmallocUsed:           0 kB
VmallocChunk:          0 kB
HardwareCorrupted:     0 kB
AnonHugePages:         0 kB
ShmemHugePages:        0 kB
ShmemPmdMapped:        0 kB
CmaTotal:              0 kB
CmaFree:               0 kB
HugePages_Total:       0
HugePages_Free:        0
HugePages_Rsvd:        0
HugePages_Surp:        0
Hugepagesize:       2048 kB
DirectMap4k:       81856 kB
DirectMap2M:      966656 kB

container (cgroup) information:
container_type: cgroupv1
cpu_cpuset_cpus: 0
cpu_memory_nodes: 0
active_processor_count: 1
cpu_quota: -1
cpu_period: 100000
cpu_shares: -1
memory_limit_in_bytes: -1
memory_and_swap_limit_in_bytes: -2
memory_soft_limit_in_bytes: -1
memory_usage_in_bytes: 824201216
memory_max_usage_in_bytes: 901828608


CPU:total 1 (initial active 1) (1 cores per cpu, 1 threads per core) family 6 model 58 stepping 9, cmov, cx8, fxsr, mmx, sse, sse2, sse3, ssse3, sse4.1, sse4.2, popcnt, avx, aes, clmul, tsc, tscinvbit, tscinv
CPU Model and flags from /proc/cpuinfo:
model name	: Intel(R) Core(TM) i5-3210M CPU @ 2.50GHz
flags		: fpu vme de pse tsc msr pae mce cx8 apic sep mtrr pge mca cmov pat pse36 clflush mmx fxsr sse sse2 syscall nx rdtscp lm constant_tsc rep_good nopl xtopology nonstop_tsc cpuid pni pclmulqdq monitor ssse3 cx16 pcid sse4_1 sse4_2 x2apic popcnt aes xsave avx rdrand hypervisor lahf_lm pti fsgsbase flush_l1d

Memory: 4k page, physical 1009112k(82420k free), swap 2017276k(296444k free)

vm_info: OpenJDK 64-Bit Server VM (10.0.2+13-Ubuntu-1ubuntu0.18.04.4) for linux-amd64 JRE (10.0.2+13-Ubuntu-1ubuntu0.18.04.4), built on Nov 13 2018 12:53:39 by "buildd" with gcc 7.3.0

END.
