#
# There is insufficient memory for the Java Runtime Environment to continue.
# Native memory allocation (mmap) failed to map 716177408 bytes for committing reserved memory.
# Possible reasons:
#   The system is out of physical RAM or swap space
#   The process is running with CompressedOops enabled, and the Java Heap may be blocking the growth of the native heap
# Possible solutions:
#   Reduce memory load on the system
#   Increase physical memory or swap space
#   Check if swap backing store is full
#   Decrease Java heap size (-Xmx/-Xms)
#   Decrease number of Java threads
#   Decrease Java thread stack sizes (-Xss)
#   Set larger code cache with -XX:ReservedCodeCacheSize=
# This output file may be truncated or incomplete.
#
#  Out of Memory Error (os_linux.cpp:2706), pid=3934, tid=3935
#
# JRE version:  (10.0.2+13) (build )
# Java VM: OpenJDK 64-Bit Server VM (10.0.2+13-Ubuntu-1ubuntu0.18.04.4, mixed mode, aot, tiered, compressed oops, parallel gc, linux-amd64)
# Core dump will be written. Default location: Core dumps may be processed with "/usr/share/apport/apport %p %s %c %d %P" (or dumping to /home/nelson/waves_nelson/Waves/core.3934)
#

---------------  S U M M A R Y ------------

Command Line: -Xms1024m -Xmx1024m -XX:ReservedCodeCacheSize=128m -XX:MaxMetaspaceSize=256m -XX:+UseParallelGC -Dscala.ext.dirs=/home/nelson/.sbt/0.13/java9-rt-ext-oracle_corporation_10_0_2 /usr/share/sbt/bin/sbt-launch.jar run waves-custom-network.conf

Host: Intel(R) Core(TM) i5-3210M CPU @ 2.50GHz, 1 cores, 985M, Ubuntu 18.04.2 LTS
Time: Thu Mar 21 18:09:29 2019 UTC elapsed time: 0 seconds (0d 0h 0m 0s)

---------------  T H R E A D  ---------------

Current thread (0x00007fd9c4011000):  JavaThread "Unknown thread" [_thread_in_vm, id=3935, stack(0x00007fd9cb93f000,0x00007fd9cba40000)]

Stack: [0x00007fd9cb93f000,0x00007fd9cba40000],  sp=0x00007fd9cba3e460,  free space=1021k
Native frames: (J=compiled Java code, A=aot compiled Java code, j=interpreted, Vv=VM code, C=native code)
V  [libjvm.so+0xd27ea4]
V  [libjvm.so+0xd28a4b]
V  [libjvm.so+0x64d415]
V  [libjvm.so+0xb2d672]
V  [libjvm.so+0xb25d4f]
V  [libjvm.so+0xbc9f46]
V  [libjvm.so+0xbb03d1]
V  [libjvm.so+0x3d8bb7]
V  [libjvm.so+0xb6237a]
V  [libjvm.so+0xce5dc2]
V  [libjvm.so+0xce60c6]
V  [libjvm.so+0x807d57]
V  [libjvm.so+0xcc7ac4]
V  [libjvm.so+0x8601b1]  JNI_CreateJavaVM+0x51
C  [libjli.so+0x3d83]
C  [libjli.so+0x89dd]
C  [libpthread.so.0+0x76db]  start_thread+0xdb


---------------  P R O C E S S  ---------------

Threads class SMR info:
_java_thread_list=0x0000559adb51c850, length=0, elements={
}

Java Threads: ( => current thread )

Other Threads:

[error occurred during error reporting (printing all threads), id 0xe0000002]

VM state:not at safepoint (not fully initialized)

VM Mutex/Monitor currently owned by a thread: None

Heap address: 0x00000000c0000000, size: 1024 MB, Compressed Oops mode: Non-zero based: 0x00000000c0000000
Narrow klass base: 0x0000000000000000, Narrow klass shift: 0

GC Heap History (0 events):
No events

Deoptimization events (0 events):
No events

Classes redefined (0 events):
No events

Internal exceptions (0 events):
No events

Events (0 events):
No events


Dynamic libraries:
eab00000-100000000 rw-p 00000000 00:00 0 
559ad93eb000-559ad93ec000 r-xp 00000000 08:02 22972                      /usr/lib/jvm/java-11-openjdk-amd64/bin/java
559ad95ec000-559ad95ed000 r--p 00001000 08:02 22972                      /usr/lib/jvm/java-11-openjdk-amd64/bin/java
559ad95ed000-559ad95ee000 rw-p 00002000 08:02 22972                      /usr/lib/jvm/java-11-openjdk-amd64/bin/java
559adb505000-559adb526000 rw-p 00000000 00:00 0                          [heap]
7fd9b2516000-7fd9b266b000 ---p 00000000 00:00 0 
7fd9b266b000-7fd9b2717000 rw-p 00000000 00:00 0 
7fd9b2717000-7fd9b2987000 rwxp 00000000 00:00 0 
7fd9b2987000-7fd9ba717000 ---p 00000000 00:00 0 
7fd9ba717000-7fd9c3bf2000 r--s 00000000 08:02 23147                      /usr/lib/jvm/java-11-openjdk-amd64/lib/modules
7fd9c3bf2000-7fd9c3bf7000 r-xp 00000000 08:02 23129                      /usr/lib/jvm/java-11-openjdk-amd64/lib/libjimage.so
7fd9c3bf7000-7fd9c3df6000 ---p 00005000 08:02 23129                      /usr/lib/jvm/java-11-openjdk-amd64/lib/libjimage.so
7fd9c3df6000-7fd9c3df7000 r--p 00004000 08:02 23129                      /usr/lib/jvm/java-11-openjdk-amd64/lib/libjimage.so
7fd9c3df7000-7fd9c3df8000 rw-p 00005000 08:02 23129                      /usr/lib/jvm/java-11-openjdk-amd64/lib/libjimage.so
7fd9c3df8000-7fd9c3dff000 r-xp 00000000 08:02 23146                      /usr/lib/jvm/java-11-openjdk-amd64/lib/libzip.so
7fd9c3dff000-7fd9c3ffe000 ---p 00007000 08:02 23146                      /usr/lib/jvm/java-11-openjdk-amd64/lib/libzip.so
7fd9c3ffe000-7fd9c3fff000 r--p 00006000 08:02 23146                      /usr/lib/jvm/java-11-openjdk-amd64/lib/libzip.so
7fd9c3fff000-7fd9c4000000 rw-p 00007000 08:02 23146                      /usr/lib/jvm/java-11-openjdk-amd64/lib/libzip.so
7fd9c4000000-7fd9c4038000 rw-p 00000000 00:00 0 
7fd9c4038000-7fd9c8000000 ---p 00000000 00:00 0 
7fd9c803d000-7fd9c8042000 rw-p 00000000 00:00 0 
7fd9c8042000-7fd9c813d000 ---p 00000000 00:00 0 
7fd9c813d000-7fd9c8148000 r-xp 00000000 08:02 525121                     /lib/x86_64-linux-gnu/libnss_files-2.27.so
7fd9c8148000-7fd9c8347000 ---p 0000b000 08:02 525121                     /lib/x86_64-linux-gnu/libnss_files-2.27.so
7fd9c8347000-7fd9c8348000 r--p 0000a000 08:02 525121                     /lib/x86_64-linux-gnu/libnss_files-2.27.so
7fd9c8348000-7fd9c8349000 rw-p 0000b000 08:02 525121                     /lib/x86_64-linux-gnu/libnss_files-2.27.so
7fd9c8349000-7fd9c834f000 rw-p 00000000 00:00 0 
7fd9c834f000-7fd9c8366000 r-xp 00000000 08:02 525118                     /lib/x86_64-linux-gnu/libnsl-2.27.so
7fd9c8366000-7fd9c8565000 ---p 00017000 08:02 525118                     /lib/x86_64-linux-gnu/libnsl-2.27.so
7fd9c8565000-7fd9c8566000 r--p 00016000 08:02 525118                     /lib/x86_64-linux-gnu/libnsl-2.27.so
7fd9c8566000-7fd9c8567000 rw-p 00017000 08:02 525118                     /lib/x86_64-linux-gnu/libnsl-2.27.so
7fd9c8567000-7fd9c8569000 rw-p 00000000 00:00 0 
7fd9c8569000-7fd9c8574000 r-xp 00000000 08:02 525123                     /lib/x86_64-linux-gnu/libnss_nis-2.27.so
7fd9c8574000-7fd9c8773000 ---p 0000b000 08:02 525123                     /lib/x86_64-linux-gnu/libnss_nis-2.27.so
7fd9c8773000-7fd9c8774000 r--p 0000a000 08:02 525123                     /lib/x86_64-linux-gnu/libnss_nis-2.27.so
7fd9c8774000-7fd9c8775000 rw-p 0000b000 08:02 525123                     /lib/x86_64-linux-gnu/libnss_nis-2.27.so
7fd9c8775000-7fd9c877d000 r-xp 00000000 08:02 525119                     /lib/x86_64-linux-gnu/libnss_compat-2.27.so
7fd9c877d000-7fd9c897d000 ---p 00008000 08:02 525119                     /lib/x86_64-linux-gnu/libnss_compat-2.27.so
7fd9c897d000-7fd9c897e000 r--p 00008000 08:02 525119                     /lib/x86_64-linux-gnu/libnss_compat-2.27.so
7fd9c897e000-7fd9c897f000 rw-p 00009000 08:02 525119                     /lib/x86_64-linux-gnu/libnss_compat-2.27.so
7fd9c897f000-7fd9c89ab000 r-xp 00000000 08:02 23125                      /usr/lib/jvm/java-11-openjdk-amd64/lib/libjava.so
7fd9c89ab000-7fd9c8baa000 ---p 0002c000 08:02 23125                      /usr/lib/jvm/java-11-openjdk-amd64/lib/libjava.so
7fd9c8baa000-7fd9c8bab000 r--p 0002b000 08:02 23125                      /usr/lib/jvm/java-11-openjdk-amd64/lib/libjava.so
7fd9c8bab000-7fd9c8bad000 rw-p 0002c000 08:02 23125                      /usr/lib/jvm/java-11-openjdk-amd64/lib/libjava.so
7fd9c8bad000-7fd9c8bba000 r-xp 00000000 08:02 23145                      /usr/lib/jvm/java-11-openjdk-amd64/lib/libverify.so
7fd9c8bba000-7fd9c8db9000 ---p 0000d000 08:02 23145                      /usr/lib/jvm/java-11-openjdk-amd64/lib/libverify.so
7fd9c8db9000-7fd9c8dbb000 r--p 0000c000 08:02 23145                      /usr/lib/jvm/java-11-openjdk-amd64/lib/libverify.so
7fd9c8dbb000-7fd9c8dbc000 rw-p 0000e000 08:02 23145                      /usr/lib/jvm/java-11-openjdk-amd64/lib/libverify.so
7fd9c8dbc000-7fd9c8dc3000 r-xp 00000000 08:02 525143                     /lib/x86_64-linux-gnu/librt-2.27.so
7fd9c8dc3000-7fd9c8fc2000 ---p 00007000 08:02 525143                     /lib/x86_64-linux-gnu/librt-2.27.so
7fd9c8fc2000-7fd9c8fc3000 r--p 00006000 08:02 525143                     /lib/x86_64-linux-gnu/librt-2.27.so
7fd9c8fc3000-7fd9c8fc4000 rw-p 00007000 08:02 525143                     /lib/x86_64-linux-gnu/librt-2.27.so
7fd9c8fc4000-7fd9c8fdb000 r-xp 00000000 08:02 525094                     /lib/x86_64-linux-gnu/libgcc_s.so.1
7fd9c8fdb000-7fd9c91da000 ---p 00017000 08:02 525094                     /lib/x86_64-linux-gnu/libgcc_s.so.1
7fd9c91da000-7fd9c91db000 r--p 00016000 08:02 525094                     /lib/x86_64-linux-gnu/libgcc_s.so.1
7fd9c91db000-7fd9c91dc000 rw-p 00017000 08:02 525094                     /lib/x86_64-linux-gnu/libgcc_s.so.1
7fd9c91dc000-7fd9c9379000 r-xp 00000000 08:02 525109                     /lib/x86_64-linux-gnu/libm-2.27.so
7fd9c9379000-7fd9c9578000 ---p 0019d000 08:02 525109                     /lib/x86_64-linux-gnu/libm-2.27.so
7fd9c9578000-7fd9c9579000 r--p 0019c000 08:02 525109                     /lib/x86_64-linux-gnu/libm-2.27.so
7fd9c9579000-7fd9c957a000 rw-p 0019d000 08:02 525109                     /lib/x86_64-linux-gnu/libm-2.27.so
7fd9c957a000-7fd9c96f3000 r-xp 00000000 08:02 7294                       /usr/lib/x86_64-linux-gnu/libstdc++.so.6.0.25
7fd9c96f3000-7fd9c98f3000 ---p 00179000 08:02 7294                       /usr/lib/x86_64-linux-gnu/libstdc++.so.6.0.25
7fd9c98f3000-7fd9c98fd000 r--p 00179000 08:02 7294                       /usr/lib/x86_64-linux-gnu/libstdc++.so.6.0.25
7fd9c98fd000-7fd9c98ff000 rw-p 00183000 08:02 7294                       /usr/lib/x86_64-linux-gnu/libstdc++.so.6.0.25
7fd9c98ff000-7fd9c9903000 rw-p 00000000 00:00 0 
7fd9c9903000-7fd9ca8a0000 r-xp 00000000 08:02 23152                      /usr/lib/jvm/java-11-openjdk-amd64/lib/server/libjvm.so
7fd9ca8a0000-7fd9caaa0000 ---p 00f9d000 08:02 23152                      /usr/lib/jvm/java-11-openjdk-amd64/lib/server/libjvm.so
7fd9caaa0000-7fd9cab64000 r--p 00f9d000 08:02 23152                      /usr/lib/jvm/java-11-openjdk-amd64/lib/server/libjvm.so
7fd9cab64000-7fd9cab9c000 rw-p 01061000 08:02 23152                      /usr/lib/jvm/java-11-openjdk-amd64/lib/server/libjvm.so
7fd9cab9c000-7fd9cabe5000 rw-p 00000000 00:00 0 
7fd9cabe5000-7fd9cabff000 r-xp 00000000 08:02 525139                     /lib/x86_64-linux-gnu/libpthread-2.27.so
7fd9cabff000-7fd9cadfe000 ---p 0001a000 08:02 525139                     /lib/x86_64-linux-gnu/libpthread-2.27.so
7fd9cadfe000-7fd9cadff000 r--p 00019000 08:02 525139                     /lib/x86_64-linux-gnu/libpthread-2.27.so
7fd9cadff000-7fd9cae00000 rw-p 0001a000 08:02 525139                     /lib/x86_64-linux-gnu/libpthread-2.27.so
7fd9cae00000-7fd9cae04000 rw-p 00000000 00:00 0 
7fd9cae04000-7fd9cae07000 r-xp 00000000 08:02 525087                     /lib/x86_64-linux-gnu/libdl-2.27.so
7fd9cae07000-7fd9cb006000 ---p 00003000 08:02 525087                     /lib/x86_64-linux-gnu/libdl-2.27.so
7fd9cb006000-7fd9cb007000 r--p 00002000 08:02 525087                     /lib/x86_64-linux-gnu/libdl-2.27.so
7fd9cb007000-7fd9cb008000 rw-p 00003000 08:02 525087                     /lib/x86_64-linux-gnu/libdl-2.27.so
7fd9cb008000-7fd9cb024000 r-xp 00000000 08:02 525158                     /lib/x86_64-linux-gnu/libz.so.1.2.11
7fd9cb024000-7fd9cb223000 ---p 0001c000 08:02 525158                     /lib/x86_64-linux-gnu/libz.so.1.2.11
7fd9cb223000-7fd9cb224000 r--p 0001b000 08:02 525158                     /lib/x86_64-linux-gnu/libz.so.1.2.11
7fd9cb224000-7fd9cb225000 rw-p 0001c000 08:02 525158                     /lib/x86_64-linux-gnu/libz.so.1.2.11
7fd9cb225000-7fd9cb40c000 r-xp 00000000 08:02 525076                     /lib/x86_64-linux-gnu/libc-2.27.so
7fd9cb40c000-7fd9cb60c000 ---p 001e7000 08:02 525076                     /lib/x86_64-linux-gnu/libc-2.27.so
7fd9cb60c000-7fd9cb610000 r--p 001e7000 08:02 525076                     /lib/x86_64-linux-gnu/libc-2.27.so
7fd9cb610000-7fd9cb612000 rw-p 001eb000 08:02 525076                     /lib/x86_64-linux-gnu/libc-2.27.so
7fd9cb612000-7fd9cb616000 rw-p 00000000 00:00 0 
7fd9cb616000-7fd9cb625000 r-xp 00000000 08:02 23110                      /usr/lib/jvm/java-11-openjdk-amd64/lib/jli/libjli.so
7fd9cb625000-7fd9cb824000 ---p 0000f000 08:02 23110                      /usr/lib/jvm/java-11-openjdk-amd64/lib/jli/libjli.so
7fd9cb824000-7fd9cb825000 r--p 0000e000 08:02 23110                      /usr/lib/jvm/java-11-openjdk-amd64/lib/jli/libjli.so
7fd9cb825000-7fd9cb826000 rw-p 0000f000 08:02 23110                      /usr/lib/jvm/java-11-openjdk-amd64/lib/jli/libjli.so
7fd9cb826000-7fd9cb84d000 r-xp 00000000 08:02 525064                     /lib/x86_64-linux-gnu/ld-2.27.so
7fd9cb937000-7fd9cb93f000 rw-s 00000000 08:02 14266                      /tmp/hsperfdata_nelson/3934
7fd9cb93f000-7fd9cb943000 ---p 00000000 00:00 0 
7fd9cb943000-7fd9cba42000 rw-p 00000000 00:00 0 
7fd9cba49000-7fd9cba4a000 ---p 00000000 00:00 0 
7fd9cba4a000-7fd9cba4b000 r--p 00000000 00:00 0 
7fd9cba4b000-7fd9cba4d000 rw-p 00000000 00:00 0 
7fd9cba4d000-7fd9cba4e000 r--p 00027000 08:02 525064                     /lib/x86_64-linux-gnu/ld-2.27.so
7fd9cba4e000-7fd9cba4f000 rw-p 00028000 08:02 525064                     /lib/x86_64-linux-gnu/ld-2.27.so
7fd9cba4f000-7fd9cba50000 rw-p 00000000 00:00 0 
7ffdfe293000-7ffdfe2b4000 rw-p 00000000 00:00 0                          [stack]
7ffdfe303000-7ffdfe306000 r--p 00000000 00:00 0                          [vvar]
7ffdfe306000-7ffdfe308000 r-xp 00000000 00:00 0                          [vdso]
ffffffffff600000-ffffffffff601000 r-xp 00000000 00:00 0                  [vsyscall]


VM Arguments:
jvm_args: -Xms1024m -Xmx1024m -XX:ReservedCodeCacheSize=128m -XX:MaxMetaspaceSize=256m -XX:+UseParallelGC -Dscala.ext.dirs=/home/nelson/.sbt/0.13/java9-rt-ext-oracle_corporation_10_0_2 
java_command: /usr/share/sbt/bin/sbt-launch.jar run waves-custom-network.conf
java_class_path (initial): /usr/share/sbt/bin/sbt-launch.jar
Launcher Type: SUN_STANDARD

Logging:
Log output configuration:
#0: stdout all=warning uptime,level,tags
#1: stderr all=off uptime,level,tags

Environment Variables:
PATH=/home/nelson/.local/bin:/usr/local/sbin:/usr/local/bin:/usr/sbin:/usr/bin:/sbin:/bin:/usr/games:/usr/local/games:/snap/bin
SHELL=/bin/bash

Signal Handlers:
SIGSEGV: [libjvm.so+0xd28b70], sa_mask[0]=11111111011111111101111111111110, sa_flags=SA_RESTART|SA_SIGINFO
SIGBUS: [libjvm.so+0xd28b70], sa_mask[0]=11111111011111111101111111111110, sa_flags=SA_RESTART|SA_SIGINFO
SIGFPE: [libjvm.so+0xd28b70], sa_mask[0]=11111111011111111101111111111110, sa_flags=SA_RESTART|SA_SIGINFO
SIGPIPE: [libjvm.so+0xb2a1f0], sa_mask[0]=11111111011111111101111111111110, sa_flags=SA_RESTART|SA_SIGINFO
SIGXFSZ: [libjvm.so+0xb2a1f0], sa_mask[0]=11111111011111111101111111111110, sa_flags=SA_RESTART|SA_SIGINFO
SIGILL: [libjvm.so+0xd28b70], sa_mask[0]=11111111011111111101111111111110, sa_flags=SA_RESTART|SA_SIGINFO
SIGUSR2: [libjvm.so+0xb2a030], sa_mask[0]=00000000000000000000000000000000, sa_flags=SA_RESTART|SA_SIGINFO
SIGHUP: SIG_DFL, sa_mask[0]=00000000000000000000000000000000, sa_flags=none
SIGINT: SIG_DFL, sa_mask[0]=00000000000000000000000000000000, sa_flags=none
SIGTERM: SIG_DFL, sa_mask[0]=00000000000000000000000000000000, sa_flags=none
SIGQUIT: SIG_DFL, sa_mask[0]=00000000000000000000000000000000, sa_flags=none


---------------  S Y S T E M  ---------------

OS:DISTRIB_ID=Ubuntu
DISTRIB_RELEASE=18.04
DISTRIB_CODENAME=bionic
DISTRIB_DESCRIPTION="Ubuntu 18.04.2 LTS"
uname:Linux 4.15.0-46-generic #49-Ubuntu SMP Wed Feb 6 09:33:07 UTC 2019 x86_64
libc:glibc 2.27 NPTL 2.27 
rlimit: STACK 8192k, CORE 0k, NPROC 3702, NOFILE 1048576, AS infinity, DATA infinity, FSIZE infinity
load average:3.62 1.79 1.05

/proc/meminfo:
MemTotal:        1009112 kB
MemFree:           71332 kB
MemAvailable:      40128 kB
Buffers:            7160 kB
Cached:            53732 kB
SwapCached:        42128 kB
Active:           440332 kB
Inactive:         413176 kB
Active(anon):     393600 kB
Inactive(anon):   399332 kB
Active(file):      46732 kB
Inactive(file):    13844 kB
Unevictable:           0 kB
Mlocked:               0 kB
SwapTotal:       2017276 kB
SwapFree:         304124 kB
Dirty:               104 kB
Writeback:             0 kB
AnonPages:        750612 kB
Mapped:            37008 kB
Shmem:               316 kB
Slab:              47356 kB
SReclaimable:      19440 kB
SUnreclaim:        27916 kB
KernelStack:        4400 kB
PageTables:        11916 kB
NFS_Unstable:          0 kB
Bounce:                0 kB
WritebackTmp:          0 kB
CommitLimit:     2521832 kB
Committed_AS:    3718860 kB
VmallocTotal:   34359738367 kB
VmallocUsed:           0 kB
VmallocChunk:          0 kB
HardwareCorrupted:     0 kB
AnonHugePages:         0 kB
ShmemHugePages:        0 kB
ShmemPmdMapped:        0 kB
CmaTotal:              0 kB
CmaFree:               0 kB
HugePages_Total:       0
HugePages_Free:        0
HugePages_Rsvd:        0
HugePages_Surp:        0
Hugepagesize:       2048 kB
DirectMap4k:       81856 kB
DirectMap2M:      966656 kB

container (cgroup) information:
container_type: cgroupv1
cpu_cpuset_cpus: 0
cpu_memory_nodes: 0
active_processor_count: 1
cpu_quota: -1
cpu_period: 100000
cpu_shares: -1
memory_limit_in_bytes: -1
memory_and_swap_limit_in_bytes: -2
memory_soft_limit_in_bytes: -1
memory_usage_in_bytes: 835674112
memory_max_usage_in_bytes: 901828608


CPU:total 1 (initial active 1) (1 cores per cpu, 1 threads per core) family 6 model 58 stepping 9, cmov, cx8, fxsr, mmx, sse, sse2, sse3, ssse3, sse4.1, sse4.2, popcnt, avx, aes, clmul, tsc, tscinvbit, tscinv
CPU Model and flags from /proc/cpuinfo:
model name	: Intel(R) Core(TM) i5-3210M CPU @ 2.50GHz
flags		: fpu vme de pse tsc msr pae mce cx8 apic sep mtrr pge mca cmov pat pse36 clflush mmx fxsr sse sse2 syscall nx rdtscp lm constant_tsc rep_good nopl xtopology nonstop_tsc cpuid pni pclmulqdq monitor ssse3 cx16 pcid sse4_1 sse4_2 x2apic popcnt aes xsave avx rdrand hypervisor lahf_lm pti fsgsbase flush_l1d

Memory: 4k page, physical 1009112k(71332k free), swap 2017276k(304124k free)

vm_info: OpenJDK 64-Bit Server VM (10.0.2+13-Ubuntu-1ubuntu0.18.04.4) for linux-amd64 JRE (10.0.2+13-Ubuntu-1ubuntu0.18.04.4), built on Nov 13 2018 12:53:39 by "buildd" with gcc 7.3.0

END.
